# JRE version: Java(TM) SE Runtime Environment (8.0_121-b13) (build 1.8.0_121-b13)
# Java VM: Java HotSpot(TM) 64-Bit Server VM (25.121-b13 mixed mode windows-amd64 compressed oops)
Heap:
 PSYoungGen      total 63488K, used 49725K [0x00000000eb300000, 0x00000000f0480000, 0x0000000100000000)
  eden space 57344K, 78% used [0x00000000eb300000,0x00000000edecf5d0,0x00000000eeb00000)
  from space 6144K, 79% used [0x00000000eeb00000,0x00000000eefc0000,0x00000000ef100000)
  to   space 6144K, 0% used [0x00000000efe80000,0x00000000efe80000,0x00000000f0480000)
 ParOldGen       total 36352K, used 15035K [0x00000000c1800000, 0x00000000c3b80000, 0x00000000eb300000)
  object space 36352K, 41% used [0x00000000c1800000,0x00000000c26aed38,0x00000000c3b80000)
 Metaspace       used 23050K, capacity 23930K, committed 24320K, reserved 1071104K
  class space    used 2667K, capacity 2957K, committed 3072K, reserved 1048576K
GC Heap History (10 events):
Event: 7.580 GC heap before
{Heap before GC invocations=10 (full 1):
 PSYoungGen      total 37376K, used 2280K [0x00000000eb300000, 0x00000000ef000000, 0x0000000100000000)
  eden space 31744K, 0% used [0x00000000eb300000,0x00000000eb300000,0x00000000ed200000)
  from space 5632K, 40% used [0x00000000ed200000,0x00000000ed43a2d8,0x00000000ed780000)
  to   space 5632K, 0% used [0x00000000eea80000,0x00000000eea80000,0x00000000ef000000)
 ParOldGen       total 44032K, used 11387K [0x00000000c1800000, 0x00000000c4300000, 0x00000000eb300000)
  object space 44032K, 25% used [0x00000000c1800000,0x00000000c231efc8,0x00000000c4300000)
 Metaspace       used 20402K, capacity 21010K, committed 21248K, reserved 1067008K
  class space    used 2472K, capacity 2701K, committed 2816K, reserved 1048576K
Event: 7.634 GC heap after
Heap after GC invocations=10 (full 1):
 PSYoungGen      total 37376K, used 0K [0x00000000eb300000, 0x00000000ef000000, 0x0000000100000000)
  eden space 31744K, 0% used [0x00000000eb300000,0x00000000eb300000,0x00000000ed200000)
  from space 5632K, 0% used [0x00000000ed200000,0x00000000ed200000,0x00000000ed780000)
  to   space 5632K, 0% used [0x00000000eea80000,0x00000000eea80000,0x00000000ef000000)
 ParOldGen       total 36352K, used 11099K [0x00000000c1800000, 0x00000000c3b80000, 0x00000000eb300000)
  object space 36352K, 30% used [0x00000000c1800000,0x00000000c22d6d38,0x00000000c3b80000)
 Metaspace       used 20402K, capacity 21010K, committed 21248K, reserved 1067008K
  class space    used 2472K, capacity 2701K, committed 2816K, reserved 1048576K
}
Event: 11.571 GC heap before
{Heap before GC invocations=11 (full 1):
 PSYoungGen      total 37376K, used 31744K [0x00000000eb300000, 0x00000000ef000000, 0x0000000100000000)
  eden space 31744K, 100% used [0x00000000eb300000,0x00000000ed200000,0x00000000ed200000)
  from space 5632K, 0% used [0x00000000ed200000,0x00000000ed200000,0x00000000ed780000)
  to   space 5632K, 0% used [0x00000000eea80000,0x00000000eea80000,0x00000000ef000000)
 ParOldGen       total 36352K, used 11099K [0x00000000c1800000, 0x00000000c3b80000, 0x00000000eb300000)
  object space 36352K, 30% used [0x00000000c1800000,0x00000000c22d6d38,0x00000000c3b80000)
 Metaspace       used 20862K, capacity 21520K, committed 21760K, reserved 1069056K
  class space    used 2505K, capacity 2738K, committed 2816K, reserved 1048576K
Event: 11.574 GC heap after
Heap after GC invocations=11 (full 1):
 PSYoungGen      total 46592K, used 2722K [0x00000000eb300000, 0x00000000eed80000, 0x0000000100000000)
  eden space 43520K, 0% used [0x00000000eb300000,0x00000000eb300000,0x00000000edd80000)
  from space 3072K, 88% used [0x00000000eea80000,0x00000000eed28958,0x00000000eed80000)
  to   space 5632K, 0% used [0x00000000ee280000,0x00000000ee280000,0x00000000ee800000)
 ParOldGen       total 36352K, used 11107K [0x00000000c1800000, 0x00000000c3b80000, 0x00000000eb300000)
  object space 36352K, 30% used [0x00000000c1800000,0x00000000c22d8d38,0x00000000c3b80000)
 Metaspace       used 20862K, capacity 21520K, committed 21760K, reserved 1069056K
  class space    used 2505K, capacity 2738K, committed 2816K, reserved 1048576K
}
Event: 19.137 GC heap before
{Heap before GC invocations=12 (full 1):
 PSYoungGen      total 46592K, used 46242K [0x00000000eb300000, 0x00000000eed80000, 0x0000000100000000)
  eden space 43520K, 100% used [0x00000000eb300000,0x00000000edd80000,0x00000000edd80000)
  from space 3072K, 88% used [0x00000000eea80000,0x00000000eed28958,0x00000000eed80000)
  to   space 5632K, 0% used [0x00000000ee280000,0x00000000ee280000,0x00000000ee800000)
 ParOldGen       total 36352K, used 11107K [0x00000000c1800000, 0x00000000c3b80000, 0x00000000eb300000)
  object space 36352K, 30% used [0x00000000c1800000,0x00000000c22d8d38,0x00000000c3b80000)
 Metaspace       used 21203K, capacity 21876K, committed 22272K, reserved 1069056K
  class space    used 2511K, capacity 2744K, committed 2816K, reserved 1048576K
Event: 19.142 GC heap after
Heap after GC invocations=12 (full 1):
 PSYoungGen      total 54272K, used 1984K [0x00000000eb300000, 0x00000000ef700000, 0x0000000100000000)
  eden space 48640K, 0% used [0x00000000eb300000,0x00000000eb300000,0x00000000ee280000)
  from space 5632K, 35% used [0x00000000ee280000,0x00000000ee470000,0x00000000ee800000)
  to   space 6144K, 0% used [0x00000000ef100000,0x00000000ef100000,0x00000000ef700000)
 ParOldGen       total 36352K, used 13291K [0x00000000c1800000, 0x00000000c3b80000, 0x00000000eb300000)
  object space 36352K, 36% used [0x00000000c1800000,0x00000000c24fad38,0x00000000c3b80000)
 Metaspace       used 21203K, capacity 21876K, committed 22272K, reserved 1069056K
  class space    used 2511K, capacity 2744K, committed 2816K, reserved 1048576K
}
Event: 26.182 GC heap before
{Heap before GC invocations=13 (full 1):
 PSYoungGen      total 54272K, used 50624K [0x00000000eb300000, 0x00000000ef700000, 0x0000000100000000)
  eden space 48640K, 100% used [0x00000000eb300000,0x00000000ee280000,0x00000000ee280000)
  from space 5632K, 35% used [0x00000000ee280000,0x00000000ee470000,0x00000000ee800000)
  to   space 6144K, 0% used [0x00000000ef100000,0x00000000ef100000,0x00000000ef700000)
 ParOldGen       total 36352K, used 13291K [0x00000000c1800000, 0x00000000c3b80000, 0x00000000eb300000)
  object space 36352K, 36% used [0x00000000c1800000,0x00000000c24fad38,0x00000000c3b80000)
 Metaspace       used 21459K, capacity 22208K, committed 22528K, reserved 1069056K
  class space    used 2513K, capacity 2746K, committed 2816K, reserved 1048576K
Event: 26.187 GC heap after
Heap after GC invocations=13 (full 1):
 PSYoungGen      total 63488K, used 2176K [0x00000000eb300000, 0x00000000efc00000, 0x0000000100000000)
  eden space 57344K, 0% used [0x00000000eb300000,0x00000000eb300000,0x00000000eeb00000)
  from space 6144K, 35% used [0x00000000ef100000,0x00000000ef320000,0x00000000ef700000)
  to   space 6144K, 0% used [0x00000000eeb00000,0x00000000eeb00000,0x00000000ef100000)
 ParOldGen       total 36352K, used 15027K [0x00000000c1800000, 0x00000000c3b80000, 0x00000000eb300000)
  object space 36352K, 41% used [0x00000000c1800000,0x00000000c26acd38,0x00000000c3b80000)
 Metaspace       used 21459K, capacity 22208K, committed 22528K, reserved 1069056K
  class space    used 2513K, capacity 2746K, committed 2816K, reserved 1048576K
}
Event: 35.546 GC heap before
{Heap before GC invocations=14 (full 1):
 PSYoungGen      total 63488K, used 59520K [0x00000000eb300000, 0x00000000efc00000, 0x0000000100000000)
  eden space 57344K, 100% used [0x00000000eb300000,0x00000000eeb00000,0x00000000eeb00000)
  from space 6144K, 35% used [0x00000000ef100000,0x00000000ef320000,0x00000000ef700000)
  to   space 6144K, 0% used [0x00000000eeb00000,0x00000000eeb00000,0x00000000ef100000)
 ParOldGen       total 36352K, used 15027K [0x00000000c1800000, 0x00000000c3b80000, 0x00000000eb300000)
  object space 36352K, 41% used [0x00000000c1800000,0x00000000c26acd38,0x00000000c3b80000)
 Metaspace       used 21920K, capacity 22624K, committed 22784K, reserved 1069056K
  class space    used 2553K, capacity 2778K, committed 2816K, reserved 1048576K
Event: 35.551 GC heap after
Heap after GC invocations=14 (full 1):
 PSYoungGen      total 63488K, used 4864K [0x00000000eb300000, 0x00000000f0480000, 0x0000000100000000)
  eden space 57344K, 0% used [0x00000000eb300000,0x00000000eb300000,0x00000000eeb00000)
  from space 6144K, 79% used [0x00000000eeb00000,0x00000000eefc0000,0x00000000ef100000)
  to   space 6144K, 0% used [0x00000000efe80000,0x00000000efe80000,0x00000000f0480000)
 ParOldGen       total 36352K, used 15035K [0x00000000c1800000, 0x00000000c3b80000, 0x00000000eb300000)
  object space 36352K, 41% used [0x00000000c1800000,0x00000000c26aed38,0x00000000c3b80000)
 Metaspace       used 21920K, capacity 22624K, committed 22784K, reserved 1069056K
  class space    used 2553K, capacity 2778K, committed 2816K, reserved 1048576K
}

